{"time":"2025-06-10T14:34:29.228384159+03:00","level":"INFO","source":{"function":"main.main","file":"/home/fzrdub/go/testWorkMate/cmd/app/main.go","line":14},"msg":"App is starting"}
{"time":"2025-06-12T14:01:49.95612639+03:00","level":"INFO","source":{"function":"main.main","file":"/home/fzrdub/go/testWorkMate/cmd/app/main.go","line":25},"msg":"App is starting"}
{"time":"2025-06-12T14:02:39.220227537+03:00","level":"INFO","source":{"function":"main.main","file":"/home/fzrdub/go/testWorkMate/cmd/app/main.go","line":25},"msg":"App is starting"}
{"time":"2025-06-12T14:02:39.220390041+03:00","level":"INFO","source":{"function":"main.main","file":"/home/fzrdub/go/testWorkMate/cmd/app/main.go","line":66},"msg":"HTTP server is runned","addres":"localhost:8080"}
{"time":"2025-06-12T14:02:39.220421825+03:00","level":"INFO","source":{"function":"main.main","file":"/home/fzrdub/go/testWorkMate/cmd/app/main.go","line":68},"msg":"App is started"}
{"time":"2025-06-12T14:02:39.220419243+03:00","level":"INFO","source":{"function":"main.main.func2","file":"/home/fzrdub/go/testWorkMate/cmd/app/main.go","line":54},"msg":"Started to ping databse"}
{"time":"2025-06-12T14:02:39.220437101+03:00","level":"INFO","source":{"function":"main.main.func1","file":"/home/fzrdub/go/testWorkMate/cmd/app/main.go","line":49},"msg":"HTTP server started","Addres":"localhost:8080"}
{"time":"2025-06-12T14:02:53.419478492+03:00","level":"ERROR","source":{"function":"main.main","file":"/home/fzrdub/go/testWorkMate/cmd/app/main.go","line":77},"msg":"received signal, starting graceful shutdown","signal":2}
{"time":"2025-06-12T14:02:53.419603821+03:00","level":"INFO","source":{"function":"test-app/internal/storage/ram.(*MemStorage).Close","file":"/home/fzrdub/go/testWorkMate/internal/storage/ram/ram.go","line":64},"msg":"Storage is closed"}
{"time":"2025-06-12T14:02:53.419617827+03:00","level":"INFO","source":{"function":"main.main","file":"/home/fzrdub/go/testWorkMate/cmd/app/main.go","line":92},"msg":"shutdown completed"}
{"time":"2025-06-14T14:40:37.238699712+03:00","level":"INFO","source":{"function":"main.main","file":"/home/fzrdub/go/test-workmate/cmd/app/main.go","line":35},"msg":"App is starting"}
{"time":"2025-06-14T14:40:37.29539636+03:00","level":"INFO","source":{"function":"main.main.func2","file":"/home/fzrdub/go/test-workmate/cmd/app/main.go","line":64},"msg":"Started to ping databse"}
{"time":"2025-06-14T14:40:37.295428802+03:00","level":"INFO","source":{"function":"main.main.func1","file":"/home/fzrdub/go/test-workmate/cmd/app/main.go","line":59},"msg":"HTTP server started","Addres":"localhost:8080"}
{"time":"2025-06-14T14:41:20.334757128+03:00","level":"ERROR","source":{"function":"main.main","file":"/home/fzrdub/go/test-workmate/cmd/app/main.go","line":83},"msg":"received signal, starting graceful shutdown","signal":2}
{"time":"2025-06-14T14:41:20.334924166+03:00","level":"INFO","source":{"function":"test-app/internal/storage/ram.(*MemStorage).Close","file":"/home/fzrdub/go/test-workmate/internal/storage/ram/ram.go","line":128},"msg":"Storage is closed"}
{"time":"2025-06-14T14:41:20.334936959+03:00","level":"INFO","source":{"function":"main.main","file":"/home/fzrdub/go/test-workmate/cmd/app/main.go","line":98},"msg":"shutdown completed"}
{"time":"2025-06-14T14:41:55.429150198+03:00","level":"INFO","source":{"function":"main.main","file":"/home/fzrdub/go/test-workmate/cmd/app/main.go","line":35},"msg":"App is starting"}
{"time":"2025-06-14T14:41:55.429318387+03:00","level":"INFO","source":{"function":"main.main.func2","file":"/home/fzrdub/go/test-workmate/cmd/app/main.go","line":64},"msg":"Started to ping databse"}
{"time":"2025-06-14T14:41:55.429329411+03:00","level":"INFO","source":{"function":"main.main.func1","file":"/home/fzrdub/go/test-workmate/cmd/app/main.go","line":59},"msg":"HTTP server started","Addres":"localhost:8080"}
{"time":"2025-06-14T14:41:56.710885039+03:00","level":"INFO","source":{"function":"test-app/internal/api.(*API).Setup.New.func2","file":"/home/fzrdub/go/test-workmate/internal/api/handlers/task/add/addTask.go","line":79},"msg":"Task saved","requestID":"54a5c8ac-c7fe-447e-b473-bbd1691f8868","name":"task1","id":0}
{"time":"2025-06-14T14:54:00.811113207+03:00","level":"INFO","source":{"function":"test-app/internal/api.(*API).Setup.New.func2","file":"/home/fzrdub/go/test-workmate/internal/api/handlers/task/add/addTask.go","line":79},"msg":"Task saved","requestID":"905e6e7d-b93d-411b-a327-407f3ee17c0c","name":"task1","id":1}
{"time":"2025-06-14T14:54:17.405895754+03:00","level":"INFO","source":{"function":"test-app/internal/api.(*API).Setup.New.func3","file":"/home/fzrdub/go/test-workmate/internal/api/handlers/task/get/getTask.go","line":60},"msg":"Task is recived","requestID":"2ffd1099-5b88-42b0-9dba-012f0633e8dd","name":"task1","id":1}
{"time":"2025-06-14T14:54:23.840657467+03:00","level":"ERROR","source":{"function":"test-app/internal/storage/ram.(*MemStorage).Task","file":"/home/fzrdub/go/test-workmate/internal/storage/ram/ram.go","line":110},"msg":"task not found","taskID":2}
{"time":"2025-06-14T14:54:27.918601394+03:00","level":"ERROR","source":{"function":"test-app/internal/storage/ram.(*MemStorage).Task","file":"/home/fzrdub/go/test-workmate/internal/storage/ram/ram.go","line":110},"msg":"task not found","taskID":3}
{"time":"2025-06-14T14:55:10.16020264+03:00","level":"ERROR","source":{"function":"main.main","file":"/home/fzrdub/go/test-workmate/cmd/app/main.go","line":83},"msg":"received signal, starting graceful shutdown","signal":2}
{"time":"2025-06-14T14:55:10.160564081+03:00","level":"INFO","source":{"function":"test-app/internal/storage/ram.(*MemStorage).Close","file":"/home/fzrdub/go/test-workmate/internal/storage/ram/ram.go","line":128},"msg":"Storage is closed"}
{"time":"2025-06-14T14:55:10.160593382+03:00","level":"INFO","source":{"function":"main.main","file":"/home/fzrdub/go/test-workmate/cmd/app/main.go","line":98},"msg":"shutdown completed"}
{"time":"2025-06-14T14:55:11.327494982+03:00","level":"INFO","source":{"function":"main.main","file":"/home/fzrdub/go/test-workmate/cmd/app/main.go","line":35},"msg":"App is starting"}
{"time":"2025-06-14T14:55:11.327666575+03:00","level":"INFO","source":{"function":"main.main.func2","file":"/home/fzrdub/go/test-workmate/cmd/app/main.go","line":64},"msg":"Started to ping databse"}
{"time":"2025-06-14T14:55:11.32769211+03:00","level":"INFO","source":{"function":"main.main.func1","file":"/home/fzrdub/go/test-workmate/cmd/app/main.go","line":59},"msg":"HTTP server started","Addres":"localhost:8080"}
{"time":"2025-06-14T14:55:16.186958353+03:00","level":"ERROR","source":{"function":"main.main","file":"/home/fzrdub/go/test-workmate/cmd/app/main.go","line":83},"msg":"received signal, starting graceful shutdown","signal":2}
{"time":"2025-06-14T14:55:16.187063294+03:00","level":"INFO","source":{"function":"test-app/internal/storage/ram.(*MemStorage).Close","file":"/home/fzrdub/go/test-workmate/internal/storage/ram/ram.go","line":128},"msg":"Storage is closed"}
{"time":"2025-06-14T14:55:16.187077138+03:00","level":"INFO","source":{"function":"main.main","file":"/home/fzrdub/go/test-workmate/cmd/app/main.go","line":98},"msg":"shutdown completed"}
{"time":"2025-06-14T14:55:46.101340907+03:00","level":"INFO","source":{"function":"main.main","file":"/home/fzrdub/go/test-workmate/cmd/app/main.go","line":35},"msg":"App is starting"}
{"time":"2025-06-14T14:55:46.101515696+03:00","level":"INFO","source":{"function":"main.main.func2","file":"/home/fzrdub/go/test-workmate/cmd/app/main.go","line":64},"msg":"Started to ping databse"}
{"time":"2025-06-14T14:55:46.101534853+03:00","level":"INFO","source":{"function":"main.main.func1","file":"/home/fzrdub/go/test-workmate/cmd/app/main.go","line":59},"msg":"HTTP server started","Addres":"localhost:8080"}
{"time":"2025-06-14T14:56:16.057729085+03:00","level":"ERROR","source":{"function":"main.main","file":"/home/fzrdub/go/test-workmate/cmd/app/main.go","line":83},"msg":"received signal, starting graceful shutdown","signal":2}
{"time":"2025-06-14T14:56:16.057837916+03:00","level":"INFO","source":{"function":"test-app/internal/storage/ram.(*MemStorage).Close","file":"/home/fzrdub/go/test-workmate/internal/storage/ram/ram.go","line":128},"msg":"Storage is closed"}
{"time":"2025-06-14T14:56:16.057856315+03:00","level":"INFO","source":{"function":"main.main","file":"/home/fzrdub/go/test-workmate/cmd/app/main.go","line":98},"msg":"shutdown completed"}
{"time":"2025-06-14T14:56:22.455904764+03:00","level":"INFO","source":{"function":"main.main","file":"/home/fzrdub/go/test-workmate/cmd/app/main.go","line":34},"msg":"App is starting"}
{"time":"2025-06-14T14:56:22.456062133+03:00","level":"INFO","source":{"function":"main.main.func2","file":"/home/fzrdub/go/test-workmate/cmd/app/main.go","line":63},"msg":"Started to ping databse"}
{"time":"2025-06-14T14:56:22.456103199+03:00","level":"INFO","source":{"function":"main.main.func1","file":"/home/fzrdub/go/test-workmate/cmd/app/main.go","line":58},"msg":"HTTP server started","Addres":"localhost:8080"}
{"time":"2025-06-14T14:56:31.752418725+03:00","level":"INFO","source":{"function":"test-app/internal/api.(*API).Setup.New.func2","file":"/home/fzrdub/go/test-workmate/internal/api/handlers/task/add/addTask.go","line":79},"msg":"Task saved","requestID":"c6f0c773-5a2c-4459-80dd-0ba6c65c7041","name":"string","id":0}
{"time":"2025-06-14T14:56:35.019938704+03:00","level":"ERROR","source":{"function":"main.main","file":"/home/fzrdub/go/test-workmate/cmd/app/main.go","line":82},"msg":"received signal, starting graceful shutdown","signal":2}
{"time":"2025-06-14T14:56:35.020103567+03:00","level":"INFO","source":{"function":"test-app/internal/storage/ram.(*MemStorage).Close","file":"/home/fzrdub/go/test-workmate/internal/storage/ram/ram.go","line":128},"msg":"Storage is closed"}
{"time":"2025-06-14T14:56:35.020123711+03:00","level":"INFO","source":{"function":"main.main","file":"/home/fzrdub/go/test-workmate/cmd/app/main.go","line":97},"msg":"shutdown completed"}
{"time":"2025-06-14T15:39:04.470928166+03:00","level":"INFO","source":{"function":"main.main","file":"/home/fzrdub/go/test-workmate/cmd/app/main.go","line":34},"msg":"App is starting"}
{"time":"2025-06-14T15:39:04.471083866+03:00","level":"INFO","source":{"function":"main.main.func2","file":"/home/fzrdub/go/test-workmate/cmd/app/main.go","line":63},"msg":"Started to ping databse"}
{"time":"2025-06-14T15:39:04.471128618+03:00","level":"INFO","source":{"function":"main.main.func1","file":"/home/fzrdub/go/test-workmate/cmd/app/main.go","line":58},"msg":"HTTP server started","Addres":"localhost:8080"}
{"time":"2025-06-14T15:40:10.443468494+03:00","level":"ERROR","source":{"function":"main.main","file":"/home/fzrdub/go/test-workmate/cmd/app/main.go","line":82},"msg":"received signal, starting graceful shutdown","signal":2}
{"time":"2025-06-14T15:40:10.443636074+03:00","level":"INFO","source":{"function":"test-app/internal/storage/ram.(*MemStorage).Close","file":"/home/fzrdub/go/test-workmate/internal/storage/ram/ram.go","line":128},"msg":"Storage is closed"}
{"time":"2025-06-14T15:40:10.443649625+03:00","level":"INFO","source":{"function":"main.main","file":"/home/fzrdub/go/test-workmate/cmd/app/main.go","line":97},"msg":"shutdown completed"}
{"time":"2025-06-14T15:40:13.962386704+03:00","level":"INFO","source":{"function":"main.main","file":"/home/fzrdub/go/test-workmate/cmd/app/main.go","line":34},"msg":"App is starting"}
{"time":"2025-06-14T15:40:13.96254386+03:00","level":"INFO","source":{"function":"main.main.func2","file":"/home/fzrdub/go/test-workmate/cmd/app/main.go","line":63},"msg":"Started to ping databse"}
{"time":"2025-06-14T15:40:13.962574594+03:00","level":"INFO","source":{"function":"main.main.func1","file":"/home/fzrdub/go/test-workmate/cmd/app/main.go","line":58},"msg":"HTTP server started","Addres":"localhost:8080"}
{"time":"2025-06-14T15:41:34.007527304+03:00","level":"ERROR","source":{"function":"main.main","file":"/home/fzrdub/go/test-workmate/cmd/app/main.go","line":82},"msg":"received signal, starting graceful shutdown","signal":2}
{"time":"2025-06-14T15:41:34.007671932+03:00","level":"INFO","source":{"function":"test-app/internal/storage/ram.(*MemStorage).Close","file":"/home/fzrdub/go/test-workmate/internal/storage/ram/ram.go","line":128},"msg":"Storage is closed"}
{"time":"2025-06-14T15:41:34.00768917+03:00","level":"INFO","source":{"function":"main.main","file":"/home/fzrdub/go/test-workmate/cmd/app/main.go","line":97},"msg":"shutdown completed"}
{"time":"2025-06-14T15:41:37.028928745+03:00","level":"INFO","source":{"function":"main.main","file":"/home/fzrdub/go/test-workmate/cmd/app/main.go","line":34},"msg":"App is starting"}
{"time":"2025-06-14T15:41:37.029083716+03:00","level":"INFO","source":{"function":"main.main.func2","file":"/home/fzrdub/go/test-workmate/cmd/app/main.go","line":63},"msg":"Started to ping databse"}
{"time":"2025-06-14T15:41:37.029108898+03:00","level":"INFO","source":{"function":"main.main.func1","file":"/home/fzrdub/go/test-workmate/cmd/app/main.go","line":58},"msg":"HTTP server started","Addres":"localhost:8080"}
{"time":"2025-06-14T15:42:36.581794498+03:00","level":"ERROR","source":{"function":"main.main","file":"/home/fzrdub/go/test-workmate/cmd/app/main.go","line":82},"msg":"received signal, starting graceful shutdown","signal":2}
{"time":"2025-06-14T15:42:36.581950719+03:00","level":"INFO","source":{"function":"test-app/internal/storage/ram.(*MemStorage).Close","file":"/home/fzrdub/go/test-workmate/internal/storage/ram/ram.go","line":128},"msg":"Storage is closed"}
{"time":"2025-06-14T15:42:36.581961802+03:00","level":"INFO","source":{"function":"main.main","file":"/home/fzrdub/go/test-workmate/cmd/app/main.go","line":97},"msg":"shutdown completed"}
{"time":"2025-06-14T15:42:40.114334967+03:00","level":"INFO","source":{"function":"main.main","file":"/home/fzrdub/go/test-workmate/cmd/app/main.go","line":34},"msg":"App is starting"}
{"time":"2025-06-14T15:42:40.114476485+03:00","level":"INFO","source":{"function":"main.main.func2","file":"/home/fzrdub/go/test-workmate/cmd/app/main.go","line":63},"msg":"Started to ping databse"}
{"time":"2025-06-14T15:42:40.114507784+03:00","level":"INFO","source":{"function":"main.main.func1","file":"/home/fzrdub/go/test-workmate/cmd/app/main.go","line":58},"msg":"HTTP server started","Addres":"localhost:8080"}
{"time":"2025-06-14T15:46:35.603811376+03:00","level":"ERROR","source":{"function":"main.main","file":"/home/fzrdub/go/test-workmate/cmd/app/main.go","line":82},"msg":"received signal, starting graceful shutdown","signal":2}
{"time":"2025-06-14T15:46:35.603971606+03:00","level":"INFO","source":{"function":"test-app/internal/storage/ram.(*MemStorage).Close","file":"/home/fzrdub/go/test-workmate/internal/storage/ram/ram.go","line":128},"msg":"Storage is closed"}
{"time":"2025-06-14T15:46:35.603985739+03:00","level":"INFO","source":{"function":"main.main","file":"/home/fzrdub/go/test-workmate/cmd/app/main.go","line":97},"msg":"shutdown completed"}
{"time":"2025-06-14T15:47:06.200464907+03:00","level":"INFO","source":{"function":"main.main","file":"/home/fzrdub/go/test-workmate/cmd/app/main.go","line":34},"msg":"App is starting"}
{"time":"2025-06-14T15:47:06.200608579+03:00","level":"INFO","source":{"function":"main.main.func2","file":"/home/fzrdub/go/test-workmate/cmd/app/main.go","line":63},"msg":"Started to ping databse"}
{"time":"2025-06-14T15:47:06.200639213+03:00","level":"INFO","source":{"function":"main.main.func1","file":"/home/fzrdub/go/test-workmate/cmd/app/main.go","line":58},"msg":"HTTP server started","Addres":"localhost:8080"}
{"time":"2025-06-14T15:47:07.500935209+03:00","level":"ERROR","source":{"function":"main.main","file":"/home/fzrdub/go/test-workmate/cmd/app/main.go","line":82},"msg":"received signal, starting graceful shutdown","signal":2}
{"time":"2025-06-14T15:47:07.501038015+03:00","level":"INFO","source":{"function":"test-app/internal/storage/ram.(*MemStorage).Close","file":"/home/fzrdub/go/test-workmate/internal/storage/ram/ram.go","line":128},"msg":"Storage is closed"}
{"time":"2025-06-14T15:47:07.501051491+03:00","level":"INFO","source":{"function":"main.main","file":"/home/fzrdub/go/test-workmate/cmd/app/main.go","line":97},"msg":"shutdown completed"}
{"time":"2025-06-14T15:49:36.54300174+03:00","level":"INFO","source":{"function":"main.main","file":"/home/fzrdub/go/test-workmate/cmd/app/main.go","line":34},"msg":"App is starting"}
{"time":"2025-06-14T15:49:36.543195898+03:00","level":"INFO","source":{"function":"main.main.func2","file":"/home/fzrdub/go/test-workmate/cmd/app/main.go","line":63},"msg":"Started to ping databse"}
{"time":"2025-06-14T15:49:36.543230109+03:00","level":"INFO","source":{"function":"main.main.func1","file":"/home/fzrdub/go/test-workmate/cmd/app/main.go","line":58},"msg":"HTTP server started","Addres":"localhost:8080"}
{"time":"2025-06-14T15:50:08.532912691+03:00","level":"ERROR","source":{"function":"main.main","file":"/home/fzrdub/go/test-workmate/cmd/app/main.go","line":82},"msg":"received signal, starting graceful shutdown","signal":2}
{"time":"2025-06-14T15:50:08.53308432+03:00","level":"INFO","source":{"function":"test-app/internal/storage/ram.(*MemStorage).Close","file":"/home/fzrdub/go/test-workmate/internal/storage/ram/ram.go","line":128},"msg":"Storage is closed"}
{"time":"2025-06-14T15:50:08.533099157+03:00","level":"INFO","source":{"function":"main.main","file":"/home/fzrdub/go/test-workmate/cmd/app/main.go","line":97},"msg":"shutdown completed"}
{"time":"2025-06-14T15:52:50.985419454+03:00","level":"INFO","source":{"function":"main.main","file":"/home/fzrdub/go/test-workmate/cmd/app/main.go","line":34},"msg":"App is starting"}
{"time":"2025-06-14T15:52:50.985581475+03:00","level":"INFO","source":{"function":"main.main.func2","file":"/home/fzrdub/go/test-workmate/cmd/app/main.go","line":63},"msg":"Started to ping databse"}
{"time":"2025-06-14T15:52:50.98560107+03:00","level":"INFO","source":{"function":"main.main.func1","file":"/home/fzrdub/go/test-workmate/cmd/app/main.go","line":58},"msg":"HTTP server started","Addres":"localhost:8080"}
{"time":"2025-06-14T15:53:24.166442501+03:00","level":"ERROR","source":{"function":"main.main","file":"/home/fzrdub/go/test-workmate/cmd/app/main.go","line":82},"msg":"received signal, starting graceful shutdown","signal":2}
{"time":"2025-06-14T15:53:24.166619762+03:00","level":"INFO","source":{"function":"test-app/internal/storage/ram.(*MemStorage).Close","file":"/home/fzrdub/go/test-workmate/internal/storage/ram/ram.go","line":128},"msg":"Storage is closed"}
{"time":"2025-06-14T15:53:24.166633566+03:00","level":"INFO","source":{"function":"main.main","file":"/home/fzrdub/go/test-workmate/cmd/app/main.go","line":97},"msg":"shutdown completed"}
{"time":"2025-06-14T15:53:27.451282739+03:00","level":"INFO","source":{"function":"main.main","file":"/home/fzrdub/go/test-workmate/cmd/app/main.go","line":34},"msg":"App is starting"}
{"time":"2025-06-14T15:53:27.4514661+03:00","level":"INFO","source":{"function":"main.main.func2","file":"/home/fzrdub/go/test-workmate/cmd/app/main.go","line":63},"msg":"Started to ping databse"}
{"time":"2025-06-14T15:53:27.451482644+03:00","level":"INFO","source":{"function":"main.main.func1","file":"/home/fzrdub/go/test-workmate/cmd/app/main.go","line":58},"msg":"HTTP server started","Addres":"localhost:8080"}
{"time":"2025-06-14T15:53:52.199762561+03:00","level":"ERROR","source":{"function":"test-app/internal/storage/ram.(*MemStorage).Task","file":"/home/fzrdub/go/test-workmate/internal/storage/ram/ram.go","line":110},"msg":"task not found","taskID":21}
{"time":"2025-06-14T15:53:53.148118218+03:00","level":"ERROR","source":{"function":"test-app/internal/storage/ram.(*MemStorage).Task","file":"/home/fzrdub/go/test-workmate/internal/storage/ram/ram.go","line":110},"msg":"task not found","taskID":21}
{"time":"2025-06-14T15:53:56.577501434+03:00","level":"ERROR","source":{"function":"test-app/internal/storage/ram.(*MemStorage).Task","file":"/home/fzrdub/go/test-workmate/internal/storage/ram/ram.go","line":110},"msg":"task not found","taskID":1}
{"time":"2025-06-14T15:54:01.557218861+03:00","level":"INFO","source":{"function":"test-app/internal/api.(*API).Setup.New.func2","file":"/home/fzrdub/go/test-workmate/internal/api/handlers/task/add/addTask.go","line":81},"msg":"Task saved","requestID":"cd489a1d-776c-45e2-96ff-d1fa96cb041c","name":"string","id":0}
{"time":"2025-06-14T15:54:03.116150508+03:00","level":"INFO","source":{"function":"test-app/internal/api.(*API).Setup.New.func2","file":"/home/fzrdub/go/test-workmate/internal/api/handlers/task/add/addTask.go","line":81},"msg":"Task saved","requestID":"6bd52803-80c5-4381-830f-02f697241101","name":"string","id":1}
{"time":"2025-06-14T15:54:03.543538741+03:00","level":"INFO","source":{"function":"test-app/internal/api.(*API).Setup.New.func2","file":"/home/fzrdub/go/test-workmate/internal/api/handlers/task/add/addTask.go","line":81},"msg":"Task saved","requestID":"9f4e9743-4b58-4b27-9cfe-711d7a373a27","name":"string","id":2}
{"time":"2025-06-14T15:54:03.887708+03:00","level":"INFO","source":{"function":"test-app/internal/api.(*API).Setup.New.func2","file":"/home/fzrdub/go/test-workmate/internal/api/handlers/task/add/addTask.go","line":81},"msg":"Task saved","requestID":"b0038b3f-90be-4810-bb60-e00bd1b7c756","name":"string","id":3}
{"time":"2025-06-14T15:54:04.187301074+03:00","level":"INFO","source":{"function":"test-app/internal/api.(*API).Setup.New.func2","file":"/home/fzrdub/go/test-workmate/internal/api/handlers/task/add/addTask.go","line":81},"msg":"Task saved","requestID":"8c8d5beb-b64e-4977-be5a-5c428151625a","name":"string","id":4}
{"time":"2025-06-14T15:54:04.351666359+03:00","level":"INFO","source":{"function":"test-app/internal/api.(*API).Setup.New.func2","file":"/home/fzrdub/go/test-workmate/internal/api/handlers/task/add/addTask.go","line":81},"msg":"Task saved","requestID":"d050090e-89c8-4c20-9bb7-17d87267217a","name":"string","id":5}
{"time":"2025-06-14T15:54:04.497820038+03:00","level":"INFO","source":{"function":"test-app/internal/api.(*API).Setup.New.func2","file":"/home/fzrdub/go/test-workmate/internal/api/handlers/task/add/addTask.go","line":81},"msg":"Task saved","requestID":"c785386a-3183-4fa5-8aac-9848fb0fe795","name":"string","id":6}
{"time":"2025-06-14T15:54:04.634876162+03:00","level":"INFO","source":{"function":"test-app/internal/api.(*API).Setup.New.func2","file":"/home/fzrdub/go/test-workmate/internal/api/handlers/task/add/addTask.go","line":81},"msg":"Task saved","requestID":"5137196c-a48c-4d80-9b34-150512b6338c","name":"string","id":7}
{"time":"2025-06-14T15:54:07.782036828+03:00","level":"INFO","source":{"function":"test-app/internal/api.(*API).Setup.New.func3","file":"/home/fzrdub/go/test-workmate/internal/api/handlers/task/get/getTask.go","line":72},"msg":"Task is recived","requestID":"da52f4e7-3bc3-4624-842d-82fadb14cbbc","name":"string","id":1}
{"time":"2025-06-14T15:54:23.715350904+03:00","level":"INFO","source":{"function":"test-app/internal/api.(*API).Setup.New.func3","file":"/home/fzrdub/go/test-workmate/internal/api/handlers/task/get/getTask.go","line":72},"msg":"Task is recived","requestID":"cb10160a-47b8-43cb-a72f-ad990d3fb81a","name":"string","id":1}
{"time":"2025-06-14T15:54:40.573545359+03:00","level":"ERROR","source":{"function":"main.main","file":"/home/fzrdub/go/test-workmate/cmd/app/main.go","line":82},"msg":"received signal, starting graceful shutdown","signal":2}
{"time":"2025-06-14T15:54:40.573731916+03:00","level":"INFO","source":{"function":"test-app/internal/storage/ram.(*MemStorage).Close","file":"/home/fzrdub/go/test-workmate/internal/storage/ram/ram.go","line":128},"msg":"Storage is closed"}
{"time":"2025-06-14T15:54:40.573745848+03:00","level":"INFO","source":{"function":"main.main","file":"/home/fzrdub/go/test-workmate/cmd/app/main.go","line":97},"msg":"shutdown completed"}
{"time":"2025-06-14T15:56:02.350904805+03:00","level":"INFO","source":{"function":"main.main","file":"/home/fzrdub/go/test-workmate/cmd/app/main.go","line":34},"msg":"App is starting"}
{"time":"2025-06-14T15:56:02.351073527+03:00","level":"INFO","source":{"function":"main.main.func2","file":"/home/fzrdub/go/test-workmate/cmd/app/main.go","line":63},"msg":"Started to ping databse"}
{"time":"2025-06-14T15:56:02.351099107+03:00","level":"INFO","source":{"function":"main.main.func1","file":"/home/fzrdub/go/test-workmate/cmd/app/main.go","line":58},"msg":"HTTP server started","Addres":"localhost:8080"}
{"time":"2025-06-14T15:56:03.67945868+03:00","level":"ERROR","source":{"function":"main.main","file":"/home/fzrdub/go/test-workmate/cmd/app/main.go","line":82},"msg":"received signal, starting graceful shutdown","signal":2}
{"time":"2025-06-14T15:56:03.679559153+03:00","level":"INFO","source":{"function":"test-app/internal/storage/ram.(*MemStorage).Close","file":"/home/fzrdub/go/test-workmate/internal/storage/ram/ram.go","line":128},"msg":"Storage is closed"}
{"time":"2025-06-14T15:56:03.679572483+03:00","level":"INFO","source":{"function":"main.main","file":"/home/fzrdub/go/test-workmate/cmd/app/main.go","line":97},"msg":"shutdown completed"}
{"time":"2025-06-14T15:57:55.910443591+03:00","level":"INFO","source":{"function":"main.main","file":"/home/fzrdub/go/test-workmate/cmd/app/main.go","line":34},"msg":"App is starting"}
{"time":"2025-06-14T15:57:55.910602057+03:00","level":"INFO","source":{"function":"main.main.func2","file":"/home/fzrdub/go/test-workmate/cmd/app/main.go","line":63},"msg":"Started to ping databse"}
{"time":"2025-06-14T15:57:55.910633039+03:00","level":"INFO","source":{"function":"main.main.func1","file":"/home/fzrdub/go/test-workmate/cmd/app/main.go","line":58},"msg":"HTTP server started","Addres":"localhost:8080"}
{"time":"2025-06-14T16:19:52.536924732+03:00","level":"ERROR","source":{"function":"main.main","file":"/home/fzrdub/go/test-workmate/cmd/app/main.go","line":82},"msg":"received signal, starting graceful shutdown","signal":2}
{"time":"2025-06-14T16:19:52.537206954+03:00","level":"INFO","source":{"function":"test-app/internal/storage/ram.(*MemStorage).Close","file":"/home/fzrdub/go/test-workmate/internal/storage/ram/ram.go","line":128},"msg":"Storage is closed"}
{"time":"2025-06-14T16:19:52.537250737+03:00","level":"INFO","source":{"function":"main.main","file":"/home/fzrdub/go/test-workmate/cmd/app/main.go","line":97},"msg":"shutdown completed"}
{"time":"2025-06-14T16:19:53.742942694+03:00","level":"INFO","source":{"function":"main.main","file":"/home/fzrdub/go/test-workmate/cmd/app/main.go","line":34},"msg":"App is starting"}
{"time":"2025-06-14T16:19:53.743121202+03:00","level":"INFO","source":{"function":"main.main.func2","file":"/home/fzrdub/go/test-workmate/cmd/app/main.go","line":63},"msg":"Started to ping databse"}
{"time":"2025-06-14T16:19:53.743147113+03:00","level":"INFO","source":{"function":"main.main.func1","file":"/home/fzrdub/go/test-workmate/cmd/app/main.go","line":58},"msg":"HTTP server started","Addres":"localhost:8080"}
{"time":"2025-06-14T16:20:33.289577618+03:00","level":"ERROR","source":{"function":"main.main","file":"/home/fzrdub/go/test-workmate/cmd/app/main.go","line":82},"msg":"received signal, starting graceful shutdown","signal":2}
{"time":"2025-06-14T16:20:33.289747867+03:00","level":"INFO","source":{"function":"test-app/internal/storage/ram.(*MemStorage).Close","file":"/home/fzrdub/go/test-workmate/internal/storage/ram/ram.go","line":128},"msg":"Storage is closed"}
{"time":"2025-06-14T16:20:33.289762899+03:00","level":"INFO","source":{"function":"main.main","file":"/home/fzrdub/go/test-workmate/cmd/app/main.go","line":97},"msg":"shutdown completed"}
{"time":"2025-06-14T16:21:38.693873642+03:00","level":"INFO","source":{"function":"main.main","file":"/home/fzrdub/go/test-workmate/cmd/app/main.go","line":34},"msg":"App is starting"}
{"time":"2025-06-14T16:21:38.694043319+03:00","level":"INFO","source":{"function":"main.main.func2","file":"/home/fzrdub/go/test-workmate/cmd/app/main.go","line":63},"msg":"Started to ping databse"}
{"time":"2025-06-14T16:21:38.694061829+03:00","level":"INFO","source":{"function":"main.main.func1","file":"/home/fzrdub/go/test-workmate/cmd/app/main.go","line":58},"msg":"HTTP server started","Addres":"localhost:8080"}
{"time":"2025-06-14T16:25:53.49892161+03:00","level":"ERROR","source":{"function":"main.main","file":"/home/fzrdub/go/test-workmate/cmd/app/main.go","line":82},"msg":"received signal, starting graceful shutdown","signal":2}
{"time":"2025-06-14T16:25:53.499276649+03:00","level":"INFO","source":{"function":"test-app/internal/storage/ram.(*MemStorage).Close","file":"/home/fzrdub/go/test-workmate/internal/storage/ram/ram.go","line":128},"msg":"Storage is closed"}
{"time":"2025-06-14T16:25:53.499310739+03:00","level":"INFO","source":{"function":"main.main","file":"/home/fzrdub/go/test-workmate/cmd/app/main.go","line":97},"msg":"shutdown completed"}
{"time":"2025-06-14T16:25:54.000378756+03:00","level":"INFO","source":{"function":"main.main","file":"/home/fzrdub/go/test-workmate/cmd/app/main.go","line":34},"msg":"App is starting"}
{"time":"2025-06-14T16:25:54.00053671+03:00","level":"INFO","source":{"function":"main.main.func2","file":"/home/fzrdub/go/test-workmate/cmd/app/main.go","line":63},"msg":"Started to ping databse"}
{"time":"2025-06-14T16:25:54.000565404+03:00","level":"INFO","source":{"function":"main.main.func1","file":"/home/fzrdub/go/test-workmate/cmd/app/main.go","line":58},"msg":"HTTP server started","Addres":"localhost:8080"}
{"time":"2025-06-14T16:26:01.983901054+03:00","level":"ERROR","source":{"function":"main.main","file":"/home/fzrdub/go/test-workmate/cmd/app/main.go","line":82},"msg":"received signal, starting graceful shutdown","signal":2}
{"time":"2025-06-14T16:26:01.984091859+03:00","level":"INFO","source":{"function":"test-app/internal/storage/ram.(*MemStorage).Close","file":"/home/fzrdub/go/test-workmate/internal/storage/ram/ram.go","line":128},"msg":"Storage is closed"}
{"time":"2025-06-14T16:26:01.984107205+03:00","level":"INFO","source":{"function":"main.main","file":"/home/fzrdub/go/test-workmate/cmd/app/main.go","line":97},"msg":"shutdown completed"}
{"time":"2025-06-14T16:28:30.679679188+03:00","level":"INFO","source":{"function":"main.main","file":"/home/fzrdub/go/test-workmate/cmd/app/main.go","line":34},"msg":"App is starting"}
{"time":"2025-06-14T16:28:30.679847313+03:00","level":"INFO","source":{"function":"main.main.func2","file":"/home/fzrdub/go/test-workmate/cmd/app/main.go","line":63},"msg":"Started to ping databse"}
{"time":"2025-06-14T16:28:30.679888174+03:00","level":"INFO","source":{"function":"main.main.func1","file":"/home/fzrdub/go/test-workmate/cmd/app/main.go","line":58},"msg":"HTTP server started","Addres":"localhost:8080"}
{"time":"2025-06-14T16:29:45.566886642+03:00","level":"ERROR","source":{"function":"main.main","file":"/home/fzrdub/go/test-workmate/cmd/app/main.go","line":82},"msg":"received signal, starting graceful shutdown","signal":2}
{"time":"2025-06-14T16:29:45.567026923+03:00","level":"INFO","source":{"function":"test-app/internal/storage/ram.(*MemStorage).Close","file":"/home/fzrdub/go/test-workmate/internal/storage/ram/ram.go","line":128},"msg":"Storage is closed"}
{"time":"2025-06-14T16:29:45.567043632+03:00","level":"INFO","source":{"function":"main.main","file":"/home/fzrdub/go/test-workmate/cmd/app/main.go","line":97},"msg":"shutdown completed"}
{"time":"2025-06-14T16:32:43.47577617+03:00","level":"INFO","source":{"function":"main.main","file":"/home/fzrdub/go/test-workmate/cmd/app/main.go","line":34},"msg":"App is starting"}
{"time":"2025-06-14T16:32:43.475972702+03:00","level":"INFO","source":{"function":"main.main.func2","file":"/home/fzrdub/go/test-workmate/cmd/app/main.go","line":63},"msg":"Started to ping databse"}
{"time":"2025-06-14T16:32:43.475997044+03:00","level":"INFO","source":{"function":"main.main.func1","file":"/home/fzrdub/go/test-workmate/cmd/app/main.go","line":58},"msg":"HTTP server started","Addres":"localhost:8080"}
{"time":"2025-06-14T16:32:50.316550574+03:00","level":"ERROR","source":{"function":"main.main","file":"/home/fzrdub/go/test-workmate/cmd/app/main.go","line":82},"msg":"received signal, starting graceful shutdown","signal":2}
{"time":"2025-06-14T16:32:50.316736983+03:00","level":"INFO","source":{"function":"test-app/internal/storage/ram.(*MemStorage).Close","file":"/home/fzrdub/go/test-workmate/internal/storage/ram/ram.go","line":128},"msg":"Storage is closed"}
{"time":"2025-06-14T16:32:50.316760836+03:00","level":"INFO","source":{"function":"main.main","file":"/home/fzrdub/go/test-workmate/cmd/app/main.go","line":97},"msg":"shutdown completed"}
{"time":"2025-06-14T16:33:13.097687464+03:00","level":"INFO","source":{"function":"main.main","file":"/home/fzrdub/go/test-workmate/cmd/app/main.go","line":34},"msg":"App is starting"}
{"time":"2025-06-14T16:33:13.09783016+03:00","level":"INFO","source":{"function":"main.main.func2","file":"/home/fzrdub/go/test-workmate/cmd/app/main.go","line":63},"msg":"Started to ping databse"}
{"time":"2025-06-14T16:33:13.097861402+03:00","level":"INFO","source":{"function":"main.main.func1","file":"/home/fzrdub/go/test-workmate/cmd/app/main.go","line":58},"msg":"HTTP server started","Addres":"localhost:8080"}
{"time":"2025-06-14T16:33:34.039857568+03:00","level":"ERROR","source":{"function":"main.main","file":"/home/fzrdub/go/test-workmate/cmd/app/main.go","line":82},"msg":"received signal, starting graceful shutdown","signal":2}
{"time":"2025-06-14T16:33:34.040029338+03:00","level":"INFO","source":{"function":"test-app/internal/storage/ram.(*MemStorage).Close","file":"/home/fzrdub/go/test-workmate/internal/storage/ram/ram.go","line":128},"msg":"Storage is closed"}
{"time":"2025-06-14T16:33:34.040043544+03:00","level":"INFO","source":{"function":"main.main","file":"/home/fzrdub/go/test-workmate/cmd/app/main.go","line":97},"msg":"shutdown completed"}
{"time":"2025-06-14T16:33:34.635060154+03:00","level":"INFO","source":{"function":"main.main","file":"/home/fzrdub/go/test-workmate/cmd/app/main.go","line":34},"msg":"App is starting"}
{"time":"2025-06-14T16:33:34.635197297+03:00","level":"INFO","source":{"function":"main.main.func2","file":"/home/fzrdub/go/test-workmate/cmd/app/main.go","line":63},"msg":"Started to ping databse"}
{"time":"2025-06-14T16:33:34.635229625+03:00","level":"INFO","source":{"function":"main.main.func1","file":"/home/fzrdub/go/test-workmate/cmd/app/main.go","line":58},"msg":"HTTP server started","Addres":"localhost:8080"}
{"time":"2025-06-14T16:33:45.751821407+03:00","level":"ERROR","source":{"function":"main.main","file":"/home/fzrdub/go/test-workmate/cmd/app/main.go","line":82},"msg":"received signal, starting graceful shutdown","signal":2}
{"time":"2025-06-14T16:33:45.751965618+03:00","level":"INFO","source":{"function":"test-app/internal/storage/ram.(*MemStorage).Close","file":"/home/fzrdub/go/test-workmate/internal/storage/ram/ram.go","line":128},"msg":"Storage is closed"}
{"time":"2025-06-14T16:33:45.751977398+03:00","level":"INFO","source":{"function":"main.main","file":"/home/fzrdub/go/test-workmate/cmd/app/main.go","line":97},"msg":"shutdown completed"}
{"time":"2025-06-14T16:33:49.965688378+03:00","level":"INFO","source":{"function":"main.main","file":"/home/fzrdub/go/test-workmate/cmd/app/main.go","line":34},"msg":"App is starting"}
{"time":"2025-06-14T16:33:49.965835674+03:00","level":"INFO","source":{"function":"main.main.func2","file":"/home/fzrdub/go/test-workmate/cmd/app/main.go","line":63},"msg":"Started to ping databse"}
{"time":"2025-06-14T16:33:49.965857908+03:00","level":"INFO","source":{"function":"main.main.func1","file":"/home/fzrdub/go/test-workmate/cmd/app/main.go","line":58},"msg":"HTTP server started","Addres":"localhost:8080"}
{"time":"2025-06-14T16:34:18.208873061+03:00","level":"ERROR","source":{"function":"main.main","file":"/home/fzrdub/go/test-workmate/cmd/app/main.go","line":82},"msg":"received signal, starting graceful shutdown","signal":2}
{"time":"2025-06-14T16:34:18.209083028+03:00","level":"INFO","source":{"function":"test-app/internal/storage/ram.(*MemStorage).Close","file":"/home/fzrdub/go/test-workmate/internal/storage/ram/ram.go","line":128},"msg":"Storage is closed"}
{"time":"2025-06-14T16:34:18.209099445+03:00","level":"INFO","source":{"function":"main.main","file":"/home/fzrdub/go/test-workmate/cmd/app/main.go","line":97},"msg":"shutdown completed"}
