{"time":"2025-06-12T14:03:32.278599166+03:00","level":"INFO","source":{"function":"main.main","file":"/home/fzrdub/go/testWorkMate/cmd/app/main.go","line":25},"msg":"App is starting"}
{"time":"2025-06-12T14:03:32.279126763+03:00","level":"INFO","source":{"function":"main.main","file":"/home/fzrdub/go/testWorkMate/cmd/app/main.go","line":66},"msg":"HTTP server is runned","addres":"localhost:8080"}
{"time":"2025-06-12T14:03:32.27916816+03:00","level":"INFO","source":{"function":"main.main","file":"/home/fzrdub/go/testWorkMate/cmd/app/main.go","line":68},"msg":"App is started"}
{"time":"2025-06-12T14:03:32.279184762+03:00","level":"INFO","source":{"function":"main.main.func1","file":"/home/fzrdub/go/testWorkMate/cmd/app/main.go","line":49},"msg":"HTTP server started","Addres":"localhost:8080"}
{"time":"2025-06-12T14:03:32.279195995+03:00","level":"INFO","source":{"function":"main.main.func2","file":"/home/fzrdub/go/testWorkMate/cmd/app/main.go","line":54},"msg":"Started to ping databse"}
{"time":"2025-06-12T14:04:41.239209088+03:00","level":"INFO","source":{"function":"main.main","file":"/home/fzrdub/go/testWorkMate/cmd/app/main.go","line":25},"msg":"App is starting"}
{"time":"2025-06-12T14:04:41.239729219+03:00","level":"INFO","source":{"function":"main.main","file":"/home/fzrdub/go/testWorkMate/cmd/app/main.go","line":66},"msg":"HTTP server is runned","addres":"localhost:8080"}
{"time":"2025-06-12T14:04:41.239924089+03:00","level":"INFO","source":{"function":"main.main","file":"/home/fzrdub/go/testWorkMate/cmd/app/main.go","line":68},"msg":"App is started"}
{"time":"2025-06-12T14:04:41.239772068+03:00","level":"INFO","source":{"function":"main.main.func1","file":"/home/fzrdub/go/testWorkMate/cmd/app/main.go","line":49},"msg":"HTTP server started","Addres":"localhost:8080"}
{"time":"2025-06-12T14:04:41.239818424+03:00","level":"INFO","source":{"function":"main.main.func2","file":"/home/fzrdub/go/testWorkMate/cmd/app/main.go","line":54},"msg":"Started to ping databse"}
{"time":"2025-06-12T14:06:22.960642299+03:00","level":"INFO","source":{"function":"main.main","file":"/home/fzrdub/go/testWorkMate/cmd/app/main.go","line":25},"msg":"App is starting"}
{"time":"2025-06-12T14:06:26.749191279+03:00","level":"INFO","source":{"function":"main.main.func2","file":"/home/fzrdub/go/testWorkMate/cmd/app/main.go","line":54},"msg":"Started to ping databse"}
{"time":"2025-06-12T14:06:26.749333583+03:00","level":"INFO","source":{"function":"main.main.func1","file":"/home/fzrdub/go/testWorkMate/cmd/app/main.go","line":49},"msg":"HTTP server started","Addres":"localhost:8080"}
{"time":"2025-06-12T14:06:53.937562186+03:00","level":"INFO","source":{"function":"main.main","file":"/home/fzrdub/go/testWorkMate/cmd/app/main.go","line":25},"msg":"App is starting"}
{"time":"2025-06-12T14:06:55.895896298+03:00","level":"INFO","source":{"function":"main.main.func2","file":"/home/fzrdub/go/testWorkMate/cmd/app/main.go","line":54},"msg":"Started to ping databse"}
{"time":"2025-06-12T14:06:55.895966733+03:00","level":"INFO","source":{"function":"main.main.func1","file":"/home/fzrdub/go/testWorkMate/cmd/app/main.go","line":49},"msg":"HTTP server started","Addres":"localhost:8080"}
{"time":"2025-06-12T14:08:05.706008172+03:00","level":"INFO","source":{"function":"main.main","file":"/home/fzrdub/go/testWorkMate/cmd/app/main.go","line":25},"msg":"App is starting"}
{"time":"2025-06-12T14:08:05.706276591+03:00","level":"INFO","source":{"function":"main.main.func1","file":"/home/fzrdub/go/testWorkMate/cmd/app/main.go","line":54},"msg":"Started to ping databse"}
{"time":"2025-06-12T14:08:34.606948659+03:00","level":"INFO","source":{"function":"main.main","file":"/home/fzrdub/go/testWorkMate/cmd/app/main.go","line":25},"msg":"App is starting"}
{"time":"2025-06-12T14:08:47.670896795+03:00","level":"INFO","source":{"function":"main.main.func1","file":"/home/fzrdub/go/testWorkMate/cmd/app/main.go","line":54},"msg":"Started to ping databse"}
{"time":"2025-06-12T14:09:40.639063966+03:00","level":"INFO","source":{"function":"main.main","file":"/home/fzrdub/go/testWorkMate/cmd/app/main.go","line":25},"msg":"App is starting"}
{"time":"2025-06-12T14:09:55.328859838+03:00","level":"INFO","source":{"function":"main.main.func1","file":"/home/fzrdub/go/testWorkMate/cmd/app/main.go","line":49},"msg":"HTTP server started","Addres":"localhost:8080"}
{"time":"2025-06-12T14:09:56.386491838+03:00","level":"INFO","source":{"function":"main.main.func2","file":"/home/fzrdub/go/testWorkMate/cmd/app/main.go","line":54},"msg":"Started to ping databse"}
{"time":"2025-06-12T14:10:37.60664694+03:00","level":"INFO","source":{"function":"main.main","file":"/home/fzrdub/go/testWorkMate/cmd/app/main.go","line":25},"msg":"App is starting"}
{"time":"2025-06-12T14:10:40.476843688+03:00","level":"INFO","source":{"function":"main.main.func2","file":"/home/fzrdub/go/testWorkMate/cmd/app/main.go","line":54},"msg":"Started to ping databse"}
{"time":"2025-06-12T14:10:40.476969345+03:00","level":"INFO","source":{"function":"main.main.func1","file":"/home/fzrdub/go/testWorkMate/cmd/app/main.go","line":49},"msg":"HTTP server started","Addres":"localhost:8080"}
{"time":"2025-06-12T14:11:03.90908895+03:00","level":"INFO","source":{"function":"main.main","file":"/home/fzrdub/go/testWorkMate/cmd/app/main.go","line":25},"msg":"App is starting"}
{"time":"2025-06-12T14:11:05.494452142+03:00","level":"INFO","source":{"function":"main.main.func2","file":"/home/fzrdub/go/testWorkMate/cmd/app/main.go","line":54},"msg":"Started to ping databse"}
{"time":"2025-06-12T14:11:05.494503639+03:00","level":"INFO","source":{"function":"main.main.func1","file":"/home/fzrdub/go/testWorkMate/cmd/app/main.go","line":49},"msg":"HTTP server started","Addres":"localhost:8080"}
{"time":"2025-06-12T14:11:39.317224946+03:00","level":"INFO","source":{"function":"main.main","file":"/home/fzrdub/go/testWorkMate/cmd/app/main.go","line":25},"msg":"App is starting"}
{"time":"2025-06-12T14:11:40.989453946+03:00","level":"INFO","source":{"function":"main.main.func2","file":"/home/fzrdub/go/testWorkMate/cmd/app/main.go","line":54},"msg":"Started to ping databse"}
{"time":"2025-06-12T14:11:40.989499855+03:00","level":"INFO","source":{"function":"main.main.func1","file":"/home/fzrdub/go/testWorkMate/cmd/app/main.go","line":49},"msg":"HTTP server started","Addres":"localhost:8080"}
{"time":"2025-06-12T14:12:57.295064582+03:00","level":"ERROR","source":{"function":"test-app/internal/api/handlers/addTask.New.func1","file":"/home/fzrdub/go/testWorkMate/internal/api/handlers/addTask/addTask.go","line":33},"msg":"failed to decode request body","requestID":"81598a59-95bc-471a-9b28-1618104c7d92","err":"EOF"}
{"time":"2025-06-12T14:30:27.701009947+03:00","level":"INFO","source":{"function":"main.main","file":"/home/fzrdub/go/testWorkMate/cmd/app/main.go","line":25},"msg":"App is starting"}
{"time":"2025-06-12T14:30:32.648899527+03:00","level":"INFO","source":{"function":"main.main.func2","file":"/home/fzrdub/go/testWorkMate/cmd/app/main.go","line":54},"msg":"Started to ping databse"}
{"time":"2025-06-12T14:30:32.648929396+03:00","level":"INFO","source":{"function":"main.main.func1","file":"/home/fzrdub/go/testWorkMate/cmd/app/main.go","line":49},"msg":"HTTP server started","Addres":"localhost:8080"}
{"time":"2025-06-12T14:44:24.787951269+03:00","level":"INFO","source":{"function":"main.main","file":"/home/fzrdub/go/testWorkMate/cmd/app/main.go","line":25},"msg":"App is starting"}
{"time":"2025-06-12T14:44:30.963847236+03:00","level":"INFO","source":{"function":"main.main.func2","file":"/home/fzrdub/go/testWorkMate/cmd/app/main.go","line":54},"msg":"Started to ping databse"}
{"time":"2025-06-12T14:44:30.963855628+03:00","level":"INFO","source":{"function":"main.main.func1","file":"/home/fzrdub/go/testWorkMate/cmd/app/main.go","line":49},"msg":"HTTP server started","Addres":"localhost:8080"}
{"time":"2025-06-12T14:48:26.096399923+03:00","level":"INFO","source":{"function":"main.main","file":"/home/fzrdub/go/testWorkMate/cmd/app/main.go","line":25},"msg":"App is starting"}
{"time":"2025-06-12T14:48:26.096687279+03:00","level":"INFO","source":{"function":"main.main.func2","file":"/home/fzrdub/go/testWorkMate/cmd/app/main.go","line":54},"msg":"Started to ping databse"}
{"time":"2025-06-12T14:48:26.096738013+03:00","level":"INFO","source":{"function":"main.main.func1","file":"/home/fzrdub/go/testWorkMate/cmd/app/main.go","line":49},"msg":"HTTP server started","Addres":"localhost:8080"}
{"time":"2025-06-12T14:50:38.807992332+03:00","level":"INFO","source":{"function":"main.main","file":"/home/fzrdub/go/testWorkMate/cmd/app/main.go","line":25},"msg":"App is starting"}
{"time":"2025-06-12T14:50:38.808334087+03:00","level":"INFO","source":{"function":"main.main.func2","file":"/home/fzrdub/go/testWorkMate/cmd/app/main.go","line":54},"msg":"Started to ping databse"}
{"time":"2025-06-12T14:50:38.80836952+03:00","level":"INFO","source":{"function":"main.main.func1","file":"/home/fzrdub/go/testWorkMate/cmd/app/main.go","line":49},"msg":"HTTP server started","Addres":"localhost:8080"}
{"time":"2025-06-12T14:50:41.376230232+03:00","level":"ERROR","source":{"function":"test-app/internal/storage/ram.(*MemStorage).Task","file":"/home/fzrdub/go/testWorkMate/internal/storage/ram/ram.go","line":77},"msg":"task not found","taskID":0}
{"time":"2025-06-12T14:51:57.592523166+03:00","level":"INFO","source":{"function":"main.main","file":"/home/fzrdub/go/testWorkMate/cmd/app/main.go","line":25},"msg":"App is starting"}
{"time":"2025-06-12T14:51:57.592819798+03:00","level":"INFO","source":{"function":"main.main.func2","file":"/home/fzrdub/go/testWorkMate/cmd/app/main.go","line":54},"msg":"Started to ping databse"}
{"time":"2025-06-12T14:51:57.592884511+03:00","level":"INFO","source":{"function":"main.main.func1","file":"/home/fzrdub/go/testWorkMate/cmd/app/main.go","line":49},"msg":"HTTP server started","Addres":"localhost:8080"}
{"time":"2025-06-12T14:53:40.038153838+03:00","level":"INFO","source":{"function":"main.main","file":"/home/fzrdub/go/testWorkMate/cmd/app/main.go","line":25},"msg":"App is starting"}
{"time":"2025-06-12T14:53:40.038544372+03:00","level":"INFO","source":{"function":"main.main.func2","file":"/home/fzrdub/go/testWorkMate/cmd/app/main.go","line":54},"msg":"Started to ping databse"}
{"time":"2025-06-12T14:53:40.038560145+03:00","level":"INFO","source":{"function":"main.main.func1","file":"/home/fzrdub/go/testWorkMate/cmd/app/main.go","line":49},"msg":"HTTP server started","Addres":"localhost:8080"}
{"time":"2025-06-12T14:54:18.129801425+03:00","level":"INFO","source":{"function":"main.main","file":"/home/fzrdub/go/testWorkMate/cmd/app/main.go","line":25},"msg":"App is starting"}
{"time":"2025-06-12T14:54:18.130078143+03:00","level":"INFO","source":{"function":"main.main.func1","file":"/home/fzrdub/go/testWorkMate/cmd/app/main.go","line":49},"msg":"HTTP server started","Addres":"localhost:8080"}
{"time":"2025-06-12T14:54:18.130076827+03:00","level":"INFO","source":{"function":"main.main.func2","file":"/home/fzrdub/go/testWorkMate/cmd/app/main.go","line":54},"msg":"Started to ping databse"}
{"time":"2025-06-13T12:40:22.64231944+03:00","level":"INFO","source":{"function":"main.main","file":"/home/fzrdub/go/testWorkMate/cmd/app/main.go","line":25},"msg":"App is starting"}
{"time":"2025-06-13T12:40:22.643466455+03:00","level":"INFO","source":{"function":"main.main.func2","file":"/home/fzrdub/go/testWorkMate/cmd/app/main.go","line":54},"msg":"Started to ping databse"}
{"time":"2025-06-13T12:40:22.643468298+03:00","level":"INFO","source":{"function":"main.main.func1","file":"/home/fzrdub/go/testWorkMate/cmd/app/main.go","line":49},"msg":"HTTP server started","Addres":"localhost:8080"}
{"time":"2025-06-13T12:42:33.950486813+03:00","level":"INFO","source":{"function":"main.main","file":"/home/fzrdub/go/testWorkMate/cmd/app/main.go","line":25},"msg":"App is starting"}
{"time":"2025-06-13T12:42:33.950804948+03:00","level":"INFO","source":{"function":"main.main.func2","file":"/home/fzrdub/go/testWorkMate/cmd/app/main.go","line":54},"msg":"Started to ping databse"}
{"time":"2025-06-13T12:42:33.950826138+03:00","level":"INFO","source":{"function":"main.main.func1","file":"/home/fzrdub/go/testWorkMate/cmd/app/main.go","line":49},"msg":"HTTP server started","Addres":"localhost:8080"}
{"time":"2025-06-13T12:42:40.340189847+03:00","level":"ERROR","source":{"function":"test-app/internal/storage/ram.(*MemStorage).Task","file":"/home/fzrdub/go/testWorkMate/internal/storage/ram/ram.go","line":100},"msg":"task not found","taskID":6}
{"time":"2025-06-13T12:43:17.770519301+03:00","level":"ERROR","source":{"function":"test-app/internal/storage/ram.(*MemStorage).Task","file":"/home/fzrdub/go/testWorkMate/internal/storage/ram/ram.go","line":100},"msg":"task not found","taskID":1}
{"time":"2025-06-13T12:44:46.671024634+03:00","level":"INFO","source":{"function":"main.main","file":"/home/fzrdub/go/testWorkMate/cmd/app/main.go","line":25},"msg":"App is starting"}
{"time":"2025-06-13T12:44:46.671312492+03:00","level":"INFO","source":{"function":"main.main.func1","file":"/home/fzrdub/go/testWorkMate/cmd/app/main.go","line":49},"msg":"HTTP server started","Addres":"localhost:8080"}
{"time":"2025-06-13T12:44:46.671314149+03:00","level":"INFO","source":{"function":"main.main.func2","file":"/home/fzrdub/go/testWorkMate/cmd/app/main.go","line":54},"msg":"Started to ping databse"}
{"time":"2025-06-13T12:48:46.038379422+03:00","level":"INFO","source":{"function":"main.main","file":"/home/fzrdub/go/testWorkMate/cmd/app/main.go","line":25},"msg":"App is starting"}
{"time":"2025-06-13T12:48:46.038678811+03:00","level":"INFO","source":{"function":"main.main.func1","file":"/home/fzrdub/go/testWorkMate/cmd/app/main.go","line":49},"msg":"HTTP server started","Addres":"localhost:8080"}
{"time":"2025-06-13T12:48:46.038678722+03:00","level":"INFO","source":{"function":"main.main.func2","file":"/home/fzrdub/go/testWorkMate/cmd/app/main.go","line":54},"msg":"Started to ping databse"}
{"time":"2025-06-13T12:48:51.042668922+03:00","level":"DEBUG","source":{"function":"test-app/internal/storage/ram.(*MemStorage).Ping","file":"/home/fzrdub/go/testWorkMate/internal/storage/ram/ram.go","line":111},"msg":"storage is active"}
{"time":"2025-06-13T12:48:55.095269208+03:00","level":"DEBUG","source":{"function":"test-app/internal/services/task-manager.(*Manager).SaveTask","file":"/home/fzrdub/go/testWorkMate/internal/services/task-manager/tasks.go","line":28},"msg":"started to save task","name":"task1"}
{"time":"2025-06-13T12:48:55.09531709+03:00","level":"DEBUG","source":{"function":"test-app/internal/services/task-manager.(*Manager).SaveTask","file":"/home/fzrdub/go/testWorkMate/internal/services/task-manager/tasks.go","line":45},"msg":"task is saved. Starting to process","taskID":0}
{"time":"2025-06-13T12:48:56.043765568+03:00","level":"DEBUG","source":{"function":"test-app/internal/storage/ram.(*MemStorage).Ping","file":"/home/fzrdub/go/testWorkMate/internal/storage/ram/ram.go","line":111},"msg":"storage is active"}
{"time":"2025-06-13T12:49:01.047896871+03:00","level":"DEBUG","source":{"function":"test-app/internal/storage/ram.(*MemStorage).Ping","file":"/home/fzrdub/go/testWorkMate/internal/storage/ram/ram.go","line":111},"msg":"storage is active"}
{"time":"2025-06-13T12:49:03.273566189+03:00","level":"DEBUG","source":{"function":"test-app/internal/services/task-manager.(*Manager).SaveTask","file":"/home/fzrdub/go/testWorkMate/internal/services/task-manager/tasks.go","line":28},"msg":"started to save task","name":"task1"}
{"time":"2025-06-13T12:49:03.273603696+03:00","level":"DEBUG","source":{"function":"test-app/internal/services/task-manager.(*Manager).SaveTask","file":"/home/fzrdub/go/testWorkMate/internal/services/task-manager/tasks.go","line":45},"msg":"task is saved. Starting to process","taskID":0}
{"time":"2025-06-13T12:49:03.96344789+03:00","level":"DEBUG","source":{"function":"test-app/internal/services/task-manager.(*Manager).SaveTask","file":"/home/fzrdub/go/testWorkMate/internal/services/task-manager/tasks.go","line":28},"msg":"started to save task","name":"task1"}
{"time":"2025-06-13T12:49:03.963482885+03:00","level":"DEBUG","source":{"function":"test-app/internal/services/task-manager.(*Manager).SaveTask","file":"/home/fzrdub/go/testWorkMate/internal/services/task-manager/tasks.go","line":45},"msg":"task is saved. Starting to process","taskID":0}
{"time":"2025-06-13T12:49:04.47301615+03:00","level":"DEBUG","source":{"function":"test-app/internal/services/task-manager.(*Manager).SaveTask","file":"/home/fzrdub/go/testWorkMate/internal/services/task-manager/tasks.go","line":28},"msg":"started to save task","name":"task1"}
{"time":"2025-06-13T12:49:04.473069514+03:00","level":"DEBUG","source":{"function":"test-app/internal/services/task-manager.(*Manager).SaveTask","file":"/home/fzrdub/go/testWorkMate/internal/services/task-manager/tasks.go","line":45},"msg":"task is saved. Starting to process","taskID":0}
{"time":"2025-06-13T12:49:05.230045944+03:00","level":"DEBUG","source":{"function":"test-app/internal/services/task-manager.(*Manager).SaveTask","file":"/home/fzrdub/go/testWorkMate/internal/services/task-manager/tasks.go","line":28},"msg":"started to save task","name":"task1"}
{"time":"2025-06-13T12:49:05.230075805+03:00","level":"DEBUG","source":{"function":"test-app/internal/services/task-manager.(*Manager).SaveTask","file":"/home/fzrdub/go/testWorkMate/internal/services/task-manager/tasks.go","line":45},"msg":"task is saved. Starting to process","taskID":0}
{"time":"2025-06-13T12:49:06.04873043+03:00","level":"DEBUG","source":{"function":"test-app/internal/storage/ram.(*MemStorage).Ping","file":"/home/fzrdub/go/testWorkMate/internal/storage/ram/ram.go","line":111},"msg":"storage is active"}
{"time":"2025-06-13T12:49:06.4099361+03:00","level":"DEBUG","source":{"function":"test-app/internal/services/task-manager.(*Manager).SaveTask","file":"/home/fzrdub/go/testWorkMate/internal/services/task-manager/tasks.go","line":28},"msg":"started to save task","name":"task1"}
{"time":"2025-06-13T12:49:06.409982799+03:00","level":"DEBUG","source":{"function":"test-app/internal/services/task-manager.(*Manager).SaveTask","file":"/home/fzrdub/go/testWorkMate/internal/services/task-manager/tasks.go","line":45},"msg":"task is saved. Starting to process","taskID":0}
{"time":"2025-06-13T12:49:11.052731018+03:00","level":"DEBUG","source":{"function":"test-app/internal/storage/ram.(*MemStorage).Ping","file":"/home/fzrdub/go/testWorkMate/internal/storage/ram/ram.go","line":111},"msg":"storage is active"}
{"time":"2025-06-13T12:49:38.914731403+03:00","level":"INFO","source":{"function":"main.main","file":"/home/fzrdub/go/testWorkMate/cmd/app/main.go","line":25},"msg":"App is starting"}
{"time":"2025-06-13T12:49:38.915058757+03:00","level":"INFO","source":{"function":"main.main.func2","file":"/home/fzrdub/go/testWorkMate/cmd/app/main.go","line":54},"msg":"Started to ping databse"}
{"time":"2025-06-13T12:49:38.91508387+03:00","level":"INFO","source":{"function":"main.main.func1","file":"/home/fzrdub/go/testWorkMate/cmd/app/main.go","line":49},"msg":"HTTP server started","Addres":"localhost:8080"}
{"time":"2025-06-13T12:49:43.918671243+03:00","level":"DEBUG","source":{"function":"test-app/internal/storage/ram.(*MemStorage).Ping","file":"/home/fzrdub/go/testWorkMate/internal/storage/ram/ram.go","line":112},"msg":"storage is active"}
{"time":"2025-06-13T12:49:46.581392349+03:00","level":"DEBUG","source":{"function":"test-app/internal/services/task-manager.(*Manager).SaveTask","file":"/home/fzrdub/go/testWorkMate/internal/services/task-manager/tasks.go","line":28},"msg":"started to save task","name":"task1"}
{"time":"2025-06-13T12:49:46.581427687+03:00","level":"DEBUG","source":{"function":"test-app/internal/services/task-manager.(*Manager).SaveTask","file":"/home/fzrdub/go/testWorkMate/internal/services/task-manager/tasks.go","line":45},"msg":"task is saved. Starting to process","taskID":0}
{"time":"2025-06-13T12:50:34.22779294+03:00","level":"DEBUG","source":{"function":"test-app/internal/services/task-manager.(*Manager).Task","file":"/home/fzrdub/go/testWorkMate/internal/services/task-manager/tasks.go","line":52},"msg":"getting task by id","id":1}
{"time":"2025-06-13T12:50:34.227825451+03:00","level":"ERROR","source":{"function":"test-app/internal/storage/ram.(*MemStorage).Task","file":"/home/fzrdub/go/testWorkMate/internal/storage/ram/ram.go","line":101},"msg":"task not found","taskID":1}
{"time":"2025-06-13T12:50:34.227849449+03:00","level":"DEBUG","source":{"function":"test-app/internal/api/handlers/task/get.New.func1","file":"/home/fzrdub/go/testWorkMate/internal/api/handlers/task/get/getTask.go","line":44},"msg":"Task is not exists","requestID":"4384ec8c-ebbd-464b-b08e-b73bf48eca06","id":1}
{"time":"2025-06-13T12:50:42.763838217+03:00","level":"DEBUG","source":{"function":"test-app/internal/services/task-manager.(*Manager).SaveTask","file":"/home/fzrdub/go/testWorkMate/internal/services/task-manager/tasks.go","line":28},"msg":"started to save task","name":"task1"}
{"time":"2025-06-13T12:50:42.763879811+03:00","level":"DEBUG","source":{"function":"test-app/internal/services/task-manager.(*Manager).SaveTask","file":"/home/fzrdub/go/testWorkMate/internal/services/task-manager/tasks.go","line":45},"msg":"task is saved. Starting to process","taskID":0}
{"time":"2025-06-13T12:50:44.763973249+03:00","level":"DEBUG","source":{"function":"test-app/internal/services/task-manager.(*Manager).Task","file":"/home/fzrdub/go/testWorkMate/internal/services/task-manager/tasks.go","line":52},"msg":"getting task by id","id":1}
{"time":"2025-06-13T12:50:44.764012556+03:00","level":"DEBUG","source":{"function":"test-app/internal/services/task-manager.(*Manager).Task","file":"/home/fzrdub/go/testWorkMate/internal/services/task-manager/tasks.go","line":63},"msg":"task is recived"}
{"time":"2025-06-13T12:50:52.801091574+03:00","level":"DEBUG","source":{"function":"test-app/internal/services/task-manager.(*Manager).DeleteTask","file":"/home/fzrdub/go/testWorkMate/internal/services/task-manager/tasks.go","line":69},"msg":"starting to delete task","id":1}
{"time":"2025-06-13T12:50:52.801131063+03:00","level":"DEBUG","source":{"function":"test-app/internal/services/task-manager.(*Manager).DeleteTask","file":"/home/fzrdub/go/testWorkMate/internal/services/task-manager/tasks.go","line":77},"msg":"task deleted"}
{"time":"2025-06-13T12:50:57.490730752+03:00","level":"DEBUG","source":{"function":"test-app/internal/services/task-manager.(*Manager).DeleteTask","file":"/home/fzrdub/go/testWorkMate/internal/services/task-manager/tasks.go","line":69},"msg":"starting to delete task","id":1}
{"time":"2025-06-13T12:50:57.490763773+03:00","level":"DEBUG","source":{"function":"test-app/internal/services/task-manager.(*Manager).DeleteTask","file":"/home/fzrdub/go/testWorkMate/internal/services/task-manager/tasks.go","line":77},"msg":"task deleted"}
{"time":"2025-06-13T12:51:04.865748374+03:00","level":"DEBUG","source":{"function":"test-app/internal/services/task-manager.(*Manager).DeleteTask","file":"/home/fzrdub/go/testWorkMate/internal/services/task-manager/tasks.go","line":69},"msg":"starting to delete task","id":1}
{"time":"2025-06-13T12:51:04.865779994+03:00","level":"DEBUG","source":{"function":"test-app/internal/services/task-manager.(*Manager).DeleteTask","file":"/home/fzrdub/go/testWorkMate/internal/services/task-manager/tasks.go","line":77},"msg":"task deleted"}
{"time":"2025-06-13T12:51:07.570029913+03:00","level":"DEBUG","source":{"function":"test-app/internal/services/task-manager.(*Manager).Task","file":"/home/fzrdub/go/testWorkMate/internal/services/task-manager/tasks.go","line":52},"msg":"getting task by id","id":1}
{"time":"2025-06-13T12:51:07.570068255+03:00","level":"ERROR","source":{"function":"test-app/internal/storage/ram.(*MemStorage).Task","file":"/home/fzrdub/go/testWorkMate/internal/storage/ram/ram.go","line":101},"msg":"task not found","taskID":1}
{"time":"2025-06-13T12:51:07.570084332+03:00","level":"DEBUG","source":{"function":"test-app/internal/api/handlers/task/get.New.func1","file":"/home/fzrdub/go/testWorkMate/internal/api/handlers/task/get/getTask.go","line":44},"msg":"Task is not exists","requestID":"386fb316-45cb-4800-a9a7-c901e1501e88","id":1}
{"time":"2025-06-13T12:51:13.708948419+03:00","level":"DEBUG","source":{"function":"test-app/internal/services/task-manager.(*Manager).Task","file":"/home/fzrdub/go/testWorkMate/internal/services/task-manager/tasks.go","line":52},"msg":"getting task by id","id":1}
{"time":"2025-06-13T12:51:13.708988984+03:00","level":"ERROR","source":{"function":"test-app/internal/storage/ram.(*MemStorage).Task","file":"/home/fzrdub/go/testWorkMate/internal/storage/ram/ram.go","line":101},"msg":"task not found","taskID":1}
{"time":"2025-06-13T12:51:13.709000564+03:00","level":"DEBUG","source":{"function":"test-app/internal/api/handlers/task/get.New.func1","file":"/home/fzrdub/go/testWorkMate/internal/api/handlers/task/get/getTask.go","line":44},"msg":"Task is not exists","requestID":"207efb77-87f8-47d1-84c5-323673691856","id":1}
{"time":"2025-06-13T12:51:16.560605284+03:00","level":"DEBUG","source":{"function":"test-app/internal/services/task-manager.(*Manager).Task","file":"/home/fzrdub/go/testWorkMate/internal/services/task-manager/tasks.go","line":52},"msg":"getting task by id","id":1}
{"time":"2025-06-13T12:51:16.560641529+03:00","level":"ERROR","source":{"function":"test-app/internal/storage/ram.(*MemStorage).Task","file":"/home/fzrdub/go/testWorkMate/internal/storage/ram/ram.go","line":101},"msg":"task not found","taskID":1}
{"time":"2025-06-13T12:51:16.560659031+03:00","level":"DEBUG","source":{"function":"test-app/internal/api/handlers/task/get.New.func1","file":"/home/fzrdub/go/testWorkMate/internal/api/handlers/task/get/getTask.go","line":44},"msg":"Task is not exists","requestID":"f2a4a6d2-38ec-4eac-90cd-385cb36940a1","id":1}
{"time":"2025-06-13T12:54:47.349185627+03:00","level":"INFO","source":{"function":"main.main","file":"/home/fzrdub/go/testWorkMate/cmd/app/main.go","line":25},"msg":"App is starting"}
{"time":"2025-06-13T12:54:47.349485512+03:00","level":"INFO","source":{"function":"main.main.func2","file":"/home/fzrdub/go/testWorkMate/cmd/app/main.go","line":54},"msg":"Started to ping databse"}
{"time":"2025-06-13T12:54:47.34954746+03:00","level":"INFO","source":{"function":"main.main.func1","file":"/home/fzrdub/go/testWorkMate/cmd/app/main.go","line":49},"msg":"HTTP server started","Addres":"localhost:8080"}
{"time":"2025-06-13T12:54:49.088216054+03:00","level":"ERROR","source":{"function":"test-app/internal/storage/ram.(*MemStorage).Task","file":"/home/fzrdub/go/testWorkMate/internal/storage/ram/ram.go","line":101},"msg":"task not found","taskID":1}
{"time":"2025-06-13T12:54:58.830909941+03:00","level":"INFO","source":{"function":"test-app/internal/api/handlers/task/add.New.func1","file":"/home/fzrdub/go/testWorkMate/internal/api/handlers/task/add/addTask.go","line":49},"msg":"Task saved","requestID":"2534020a-5c7a-4a13-b299-8f187fa2d5a5","name":"task1","id":0}
{"time":"2025-06-13T12:55:06.326082774+03:00","level":"INFO","source":{"function":"test-app/internal/api/handlers/task/add.New.func1","file":"/home/fzrdub/go/testWorkMate/internal/api/handlers/task/add/addTask.go","line":49},"msg":"Task saved","requestID":"0e8e37b1-e1eb-49b7-89ac-c5a74cbc700c","name":"task1","id":1}
{"time":"2025-06-13T12:55:16.858588754+03:00","level":"INFO","source":{"function":"main.main","file":"/home/fzrdub/go/testWorkMate/cmd/app/main.go","line":25},"msg":"App is starting"}
{"time":"2025-06-13T12:55:16.858894358+03:00","level":"INFO","source":{"function":"main.main.func2","file":"/home/fzrdub/go/testWorkMate/cmd/app/main.go","line":54},"msg":"Started to ping databse"}
{"time":"2025-06-13T12:55:16.858921624+03:00","level":"INFO","source":{"function":"main.main.func1","file":"/home/fzrdub/go/testWorkMate/cmd/app/main.go","line":49},"msg":"HTTP server started","Addres":"localhost:8080"}
{"time":"2025-06-13T12:55:18.237937092+03:00","level":"INFO","source":{"function":"test-app/internal/api/handlers/task/add.New.func1","file":"/home/fzrdub/go/testWorkMate/internal/api/handlers/task/add/addTask.go","line":49},"msg":"Task saved","requestID":"4278554f-9118-4900-863c-037fb39a8d83","name":"task1","id":0}
{"time":"2025-06-13T12:55:56.909430752+03:00","level":"INFO","source":{"function":"test-app/internal/api/handlers/task/add.New.func1","file":"/home/fzrdub/go/testWorkMate/internal/api/handlers/task/add/addTask.go","line":49},"msg":"Task saved","requestID":"ab66f90f-74c1-4e4d-8ea0-a2869cc642db","name":"task1","id":1}
{"time":"2025-06-13T12:55:57.646893006+03:00","level":"INFO","source":{"function":"test-app/internal/api/handlers/task/add.New.func1","file":"/home/fzrdub/go/testWorkMate/internal/api/handlers/task/add/addTask.go","line":49},"msg":"Task saved","requestID":"835ef842-259b-4b47-86f2-1f925c354171","name":"task1","id":2}
{"time":"2025-06-13T12:55:58.225883365+03:00","level":"INFO","source":{"function":"test-app/internal/api/handlers/task/add.New.func1","file":"/home/fzrdub/go/testWorkMate/internal/api/handlers/task/add/addTask.go","line":49},"msg":"Task saved","requestID":"706d79fc-95fc-48de-bb81-437d5f226681","name":"task1","id":3}
{"time":"2025-06-13T12:56:01.236846618+03:00","level":"INFO","source":{"function":"test-app/internal/api/handlers/task/get.New.func1","file":"/home/fzrdub/go/testWorkMate/internal/api/handlers/task/get/getTask.go","line":59},"msg":"Task is recived","requestID":"06969a98-88df-4b7e-a548-c95629d4b1f9","name":"task1","id":1}
{"time":"2025-06-13T12:56:03.338173569+03:00","level":"INFO","source":{"function":"test-app/internal/api/handlers/task/get.New.func1","file":"/home/fzrdub/go/testWorkMate/internal/api/handlers/task/get/getTask.go","line":59},"msg":"Task is recived","requestID":"ef6e4081-7d91-4ddf-9f92-5c4e3bee99b1","name":"task1","id":1}
{"time":"2025-06-13T12:56:05.604929681+03:00","level":"INFO","source":{"function":"test-app/internal/api/handlers/task/delete.New.func1","file":"/home/fzrdub/go/testWorkMate/internal/api/handlers/task/delete/delete.go","line":49},"msg":"Task deleted","requestID":"37f4ebd0-f21f-4439-9cfb-3fdcc9c6d09e","id":1}
{"time":"2025-06-13T12:56:06.491947831+03:00","level":"INFO","source":{"function":"test-app/internal/api/handlers/task/delete.New.func1","file":"/home/fzrdub/go/testWorkMate/internal/api/handlers/task/delete/delete.go","line":49},"msg":"Task deleted","requestID":"e0d44eb7-7312-4bf3-8718-a35f8ddc133a","id":1}
{"time":"2025-06-13T12:56:10.117381284+03:00","level":"INFO","source":{"function":"test-app/internal/api/handlers/task/delete.New.func1","file":"/home/fzrdub/go/testWorkMate/internal/api/handlers/task/delete/delete.go","line":49},"msg":"Task deleted","requestID":"d6921f85-ac54-4fce-9034-5f5d35e6a7d1","id":1}
{"time":"2025-06-13T12:56:10.868399291+03:00","level":"INFO","source":{"function":"test-app/internal/api/handlers/task/delete.New.func1","file":"/home/fzrdub/go/testWorkMate/internal/api/handlers/task/delete/delete.go","line":49},"msg":"Task deleted","requestID":"8488dfd3-3fc3-4de6-9f50-03777bb19511","id":1}
{"time":"2025-06-13T12:56:11.692979613+03:00","level":"INFO","source":{"function":"test-app/internal/api/handlers/task/delete.New.func1","file":"/home/fzrdub/go/testWorkMate/internal/api/handlers/task/delete/delete.go","line":49},"msg":"Task deleted","requestID":"99673643-295e-406f-ba1c-680c15134ec0","id":1}
{"time":"2025-06-13T13:45:13.562788283+03:00","level":"INFO","source":{"function":"main.main","file":"/home/fzrdub/go/testWorkMate/cmd/app/main.go","line":25},"msg":"App is starting"}
{"time":"2025-06-13T13:45:13.563133687+03:00","level":"INFO","source":{"function":"main.main.func2","file":"/home/fzrdub/go/testWorkMate/cmd/app/main.go","line":54},"msg":"Started to ping databse"}
{"time":"2025-06-13T13:45:13.563159981+03:00","level":"INFO","source":{"function":"main.main.func1","file":"/home/fzrdub/go/testWorkMate/cmd/app/main.go","line":49},"msg":"HTTP server started","Addres":"localhost:8080"}
{"time":"2025-06-13T13:45:20.01754684+03:00","level":"INFO","source":{"function":"test-app/internal/api/handlers/task/delete.New.func1","file":"/home/fzrdub/go/testWorkMate/internal/api/handlers/task/delete/delete.go","line":49},"msg":"Task deleted","requestID":"e0387770-6f32-457a-88da-69ba7ce66079","id":1}
{"time":"2025-06-13T13:46:57.948505909+03:00","level":"INFO","source":{"function":"main.main","file":"/home/fzrdub/go/testWorkMate/cmd/app/main.go","line":25},"msg":"App is starting"}
{"time":"2025-06-13T13:46:57.94888682+03:00","level":"INFO","source":{"function":"main.main.func2","file":"/home/fzrdub/go/testWorkMate/cmd/app/main.go","line":54},"msg":"Started to ping databse"}
{"time":"2025-06-13T13:46:57.948916463+03:00","level":"INFO","source":{"function":"main.main.func1","file":"/home/fzrdub/go/testWorkMate/cmd/app/main.go","line":49},"msg":"HTTP server started","Addres":"localhost:8080"}
{"time":"2025-06-13T13:47:00.298110044+03:00","level":"INFO","source":{"function":"test-app/internal/api/handlers/task/delete.New.func1","file":"/home/fzrdub/go/testWorkMate/internal/api/handlers/task/delete/delete.go","line":49},"msg":"Task deleted","requestID":"","id":1}
{"time":"2025-06-13T13:52:25.658259242+03:00","level":"INFO","source":{"function":"main.main","file":"/home/fzrdub/go/testWorkMate/cmd/app/main.go","line":25},"msg":"App is starting"}
{"time":"2025-06-13T13:52:25.65867494+03:00","level":"INFO","source":{"function":"main.main.func2","file":"/home/fzrdub/go/testWorkMate/cmd/app/main.go","line":54},"msg":"Started to ping databse"}
{"time":"2025-06-13T13:52:25.658721285+03:00","level":"INFO","source":{"function":"main.main.func1","file":"/home/fzrdub/go/testWorkMate/cmd/app/main.go","line":49},"msg":"HTTP server started","Addres":"localhost:8080"}
{"time":"2025-06-13T13:52:28.334236238+03:00","level":"INFO","source":{"function":"test-app/internal/api/handlers/task/delete.New.func1","file":"/home/fzrdub/go/testWorkMate/internal/api/handlers/task/delete/delete.go","line":49},"msg":"Task deleted","requestID":"","id":1}
{"time":"2025-06-13T13:52:35.995694224+03:00","level":"INFO","source":{"function":"test-app/internal/api/handlers/task/add.New.func1","file":"/home/fzrdub/go/testWorkMate/internal/api/handlers/task/add/addTask.go","line":50},"msg":"Task saved","requestID":"","name":"task1","id":0}
{"time":"2025-06-13T13:52:37.088173351+03:00","level":"INFO","source":{"function":"test-app/internal/api/handlers/task/add.New.func1","file":"/home/fzrdub/go/testWorkMate/internal/api/handlers/task/add/addTask.go","line":50},"msg":"Task saved","requestID":"","name":"task1","id":1}
{"time":"2025-06-13T13:52:37.938663715+03:00","level":"INFO","source":{"function":"test-app/internal/api/handlers/task/add.New.func1","file":"/home/fzrdub/go/testWorkMate/internal/api/handlers/task/add/addTask.go","line":50},"msg":"Task saved","requestID":"","name":"task1","id":2}
{"time":"2025-06-13T13:52:40.388390409+03:00","level":"INFO","source":{"function":"test-app/internal/api/handlers/task/add.New.func1","file":"/home/fzrdub/go/testWorkMate/internal/api/handlers/task/add/addTask.go","line":50},"msg":"Task saved","requestID":"","name":"task1","id":3}
{"time":"2025-06-13T13:52:41.750806829+03:00","level":"INFO","source":{"function":"test-app/internal/api/handlers/task/add.New.func1","file":"/home/fzrdub/go/testWorkMate/internal/api/handlers/task/add/addTask.go","line":50},"msg":"Task saved","requestID":"","name":"task1","id":4}
{"time":"2025-06-13T14:01:20.365115726+03:00","level":"INFO","source":{"function":"main.main","file":"/home/fzrdub/go/testWorkMate/cmd/app/main.go","line":25},"msg":"App is starting"}
{"time":"2025-06-13T14:01:20.365459559+03:00","level":"INFO","source":{"function":"main.main.func2","file":"/home/fzrdub/go/testWorkMate/cmd/app/main.go","line":54},"msg":"Started to ping databse"}
{"time":"2025-06-13T14:01:20.365480416+03:00","level":"INFO","source":{"function":"main.main.func1","file":"/home/fzrdub/go/testWorkMate/cmd/app/main.go","line":49},"msg":"HTTP server started","Addres":"localhost:8080"}
{"time":"2025-06-13T14:01:22.933069164+03:00","level":"INFO","source":{"function":"test-app/internal/api/handlers/task/add.New.func1","file":"/home/fzrdub/go/testWorkMate/internal/api/handlers/task/add/addTask.go","line":50},"msg":"Task saved","requestID":"","name":"task1","id":0}
{"time":"2025-06-13T14:01:36.861595914+03:00","level":"INFO","source":{"function":"main.main","file":"/home/fzrdub/go/testWorkMate/cmd/app/main.go","line":25},"msg":"App is starting"}
{"time":"2025-06-13T14:01:36.861890739+03:00","level":"INFO","source":{"function":"main.main.func2","file":"/home/fzrdub/go/testWorkMate/cmd/app/main.go","line":54},"msg":"Started to ping databse"}
{"time":"2025-06-13T14:01:36.861894904+03:00","level":"INFO","source":{"function":"main.main.func1","file":"/home/fzrdub/go/testWorkMate/cmd/app/main.go","line":49},"msg":"HTTP server started","Addres":"localhost:8080"}
{"time":"2025-06-13T14:02:07.995511905+03:00","level":"INFO","source":{"function":"main.main","file":"/home/fzrdub/go/testWorkMate/cmd/app/main.go","line":25},"msg":"App is starting"}
{"time":"2025-06-13T14:02:07.995688229+03:00","level":"INFO","source":{"function":"main.main.func2","file":"/home/fzrdub/go/testWorkMate/cmd/app/main.go","line":54},"msg":"Started to ping databse"}
{"time":"2025-06-13T14:02:07.995753131+03:00","level":"INFO","source":{"function":"main.main.func1","file":"/home/fzrdub/go/testWorkMate/cmd/app/main.go","line":49},"msg":"HTTP server started","Addres":"localhost:8080"}
{"time":"2025-06-13T14:02:15.97593769+03:00","level":"INFO","source":{"function":"test-app/internal/api/handlers/task/add.New.func1","file":"/home/fzrdub/go/testWorkMate/internal/api/handlers/task/add/addTask.go","line":50},"msg":"Task saved","requestID":"e39bb60f-4f62-4015-886a-04ed5f160024","name":"task1","id":0}
